<?xml version="1.0" encoding="UTF-8"?>
<testng-results skipped="0" failed="0" ignored="0" total="1" passed="1">
  <reporter-output>
  </reporter-output>
  <suite name="Suite" duration-ms="12067" started-at="2019-01-27T13:43:54Z" finished-at="2019-01-27T13:44:06Z">
    <groups>
    </groups>
    <test name="Test" duration-ms="12067" started-at="2019-01-27T13:43:54Z" finished-at="2019-01-27T13:44:06Z">
      <class name="Jenkins.Jenkins">
        <test-method status="PASS" signature="beforeSuite(org.testng.ITestContext)[pri:0, instance:Jenkins.Jenkins@14d3bc22]" name="beforeSuite" is-config="true" duration-ms="44" started-at="2019-01-27T13:43:54Z" finished-at="2019-01-27T13:43:54Z">
          <params>
            <param index="0">
              <value>
                <![CDATA[org.testng.TestRunner@4dd02341]]>
              </value>
            </param>
          </params>
          <reporter-output>
          </reporter-output>
        </test-method> <!-- beforeSuite -->
        <test-method status="PASS" signature="driverSetUp()[pri:0, instance:Jenkins.Jenkins@14d3bc22]" name="driverSetUp" is-config="true" duration-ms="76" started-at="2019-01-27T13:43:54Z" finished-at="2019-01-27T13:43:54Z">
          <reporter-output>
          </reporter-output>
        </test-method> <!-- driverSetUp -->
        <test-method status="PASS" signature="beforeMethod(org.testng.ITestContext, java.lang.reflect.Method)[pri:0, instance:Jenkins.Jenkins@14d3bc22]" name="beforeMethod" is-config="true" duration-ms="27" started-at="2019-01-27T13:43:54Z" finished-at="2019-01-27T13:43:54Z">
          <params>
            <param index="0">
              <value>
                <![CDATA[org.testng.TestRunner@4dd02341]]>
              </value>
            </param>
            <param index="1">
              <value>
                <![CDATA[public void Jenkins.Jenkins.TS0002()]]>
              </value>
            </param>
          </params>
          <reporter-output>
          </reporter-output>
        </test-method> <!-- beforeMethod -->
        <test-method status="PASS" signature="TS0002()[pri:0, instance:Jenkins.Jenkins@14d3bc22]" name="TS0002" duration-ms="11855" started-at="2019-01-27T13:43:54Z" description="TS0002 KullanÄ±cÄ± OluÅŸturma" finished-at="2019-01-27T13:44:06Z">
          <reporter-output>
          </reporter-output>
        </test-method> <!-- TS0002 -->
        <test-method status="PASS" signature="afterMethod(org.testng.ITestResult)[pri:0, instance:Jenkins.Jenkins@14d3bc22]" name="afterMethod" is-config="true" duration-ms="2" started-at="2019-01-27T13:44:06Z" finished-at="2019-01-27T13:44:06Z">
          <params>
            <param index="0">
              <value>
                <![CDATA[[TestResult name=TS0002 status=SUCCESS method=Jenkins.TS0002()[pri:0, instance:Jenkins.Jenkins@14d3bc22] output={null}]]]>
              </value>
            </param>
          </params>
          <reporter-output>
          </reporter-output>
        </test-method> <!-- afterMethod -->
        <test-method status="PASS" signature="afterClass()[pri:0, instance:Jenkins.Jenkins@14d3bc22]" name="afterClass" is-config="true" duration-ms="1" started-at="2019-01-27T13:44:06Z" finished-at="2019-01-27T13:44:06Z">
          <reporter-output>
          </reporter-output>
        </test-method> <!-- afterClass -->
      </class> <!-- Jenkins.Jenkins -->
    </test> <!-- Test -->
  </suite> <!-- Suite -->
</testng-results>
